<?xml version="1.0" encoding="UTF-8"?>
<!-- Generated by org.testng.reporters.JUnitXMLReporter -->
<testsuite ignored="8" hostname="IBM-PF3HYJCH" failures="0" tests="1" name="Default test" time="2.94" errors="0" timestamp="30 May 2022 12:20:33 GMT">
  <testcase classname="APIProject.RestAssuredAPIProject$day1" name="deleteMethod404" time="2.891"/>
  <testcase classname="APIProject.RestAssuredAPIProject$day1" name="putmethodWithJsontype" time="0.0">
    <ignored/>
  </testcase> <!-- putmethodWithJsontype -->
  <testcase classname="APIProject.RestAssuredAPIProject$day1" name="deleteMethod200" time="0.0">
    <ignored/>
  </testcase> <!-- deleteMethod200 -->
  <testcase classname="APIProject.RestAssuredAPIProject$day1" name="postmethodwithescapechar" time="0.0">
    <ignored/>
  </testcase> <!-- postmethodwithescapechar -->
  <testcase classname="APIProject.RestAssuredAPIProject$day1" name="getMethod404" time="0.0">
    <ignored/>
  </testcase> <!-- getMethod404 -->
  <testcase classname="APIProject.RestAssuredAPIProject$day1" name="postmethodwithJsontype" time="0.0">
    <ignored/>
  </testcase> <!-- postmethodwithJsontype -->
  <testcase classname="APIProject.RestAssuredAPIProject$day1" name="getMethod" time="0.0">
    <ignored/>
  </testcase> <!-- getMethod -->
  <testcase classname="APIProject.RestAssuredAPIProject$day1" name="SwggerMethod" time="0.0">
    <ignored/>
  </testcase> <!-- SwggerMethod -->
  <testcase classname="APIProject.RestAssuredAPIProject$day1" name="putMethodWithescaperchar" time="0.0">
    <ignored/>
  </testcase> <!-- putMethodWithescaperchar -->
</testsuite> <!-- Default test -->
