<?xml version="1.0" encoding="UTF-8"?>
<testng-results ignored="8" total="9" passed="1" failed="0" skipped="0">
  <reporter-output>
  </reporter-output>
  <suite started-at="2022-05-30T12:20:30Z" name="Default suite" finished-at="2022-05-30T12:20:33Z" duration-ms="2940">
    <groups>
    </groups>
    <test started-at="2022-05-30T12:20:30Z" name="Default test" finished-at="2022-05-30T12:20:33Z" duration-ms="2940">
      <class name="APIProject.RestAssuredAPIProject$day1">
        <test-method signature="deleteMethod404()[pri:0, instance:APIProject.RestAssuredAPIProject$day1@7b8b43c7]" started-at="2022-05-30T12:20:30Z" name="deleteMethod404" finished-at="2022-05-30T12:20:33Z" duration-ms="2891" status="PASS">
          <reporter-output>
          </reporter-output>
        </test-method> <!-- deleteMethod404 -->
      </class> <!-- APIProject.RestAssuredAPIProject$day1 -->
    </test> <!-- Default test -->
  </suite> <!-- Default suite -->
</testng-results>
